Log file open, 03/03/19 20:53:21
LogWindows: Failed to load 'aqProf.dll' (GetLastError=126)
LogWindows: File 'aqProf.dll' does not exist
LogWindows: Failed to load 'VtuneApi.dll' (GetLastError=126)
LogWindows: File 'VtuneApi.dll' does not exist
LogWindows: Failed to load 'VtuneApi32e.dll' (GetLastError=126)
LogWindows: File 'VtuneApi32e.dll' does not exist
LogConsoleResponse: Display: Failed to find resolution value strings in scalability ini. Falling back to default.
LogInit: Display: Running engine for game: TwinStickShooter
LogPakFile: Registered encryption key '00000000000000000000000000000000': 0 pak files mounted, 0 remain pending
LogPlatformFile: Not using cached read wrapper
LogTaskGraph: Started task graph with 5 named threads and 11 total threads with 3 sets of task threads.
LogStats: Stats thread started at 0.158533
LogD3D11RHI: Loaded GFSDK_Aftermath_Lib.x64.dll
LogICUInternationalization: ICU TimeZone Detection - Raw Offset: -5:00, Platform Override: ''
LogPluginManager: Mounting plugin Paper2D
LogPluginManager: Mounting plugin AISupport
LogPluginManager: Mounting plugin LightPropagationVolume
LogPluginManager: Mounting plugin ActorLayerUtilities
LogPluginManager: Mounting plugin CLionSourceCodeAccess
LogPluginManager: Mounting plugin CodeLiteSourceCodeAccess
LogPluginManager: Mounting plugin GitSourceControl
LogPluginManager: Mounting plugin KDevelopSourceCodeAccess
LogPluginManager: Mounting plugin NullSourceCodeAccess
LogPluginManager: Mounting plugin PerforceSourceControl
LogPluginManager: Mounting plugin SubversionSourceControl
LogPluginManager: Mounting plugin UObjectPlugin
LogPluginManager: Mounting plugin VisualStudioCodeSourceCodeAccess
LogPluginManager: Mounting plugin VisualStudioSourceCodeAccess
LogPluginManager: Mounting plugin XCodeSourceCodeAccess
LogPluginManager: Mounting plugin AssetManagerEditor
LogPluginManager: Mounting plugin CryptoKeys
LogPluginManager: Mounting plugin DataValidation
LogPluginManager: Mounting plugin FacialAnimation
LogPluginManager: Mounting plugin GameplayTagsEditor
LogPluginManager: Mounting plugin MacGraphicsSwitching
LogPluginManager: Mounting plugin MeshEditor
LogPluginManager: Mounting plugin MobileLauncherProfileWizard
LogPluginManager: Mounting plugin PluginBrowser
LogPluginManager: Mounting plugin SpeedTreeImporter
LogPluginManager: Mounting plugin DatasmithContent
LogPluginManager: Mounting plugin VariantManagerContent
LogPluginManager: Mounting plugin AlembicImporter
LogPluginManager: Mounting plugin AppleImageUtils
LogPluginManager: Mounting plugin AppleVision
LogPluginManager: Mounting plugin BackChannel
LogPluginManager: Mounting plugin CharacterAI
LogPluginManager: Mounting plugin GeometryCache
LogPluginManager: Mounting plugin HTML5Networking
LogPluginManager: Mounting plugin ProxyLODPlugin
LogPluginManager: Mounting plugin MagicLeap
LogPluginManager: Mounting plugin MagicLeapMedia
LogPluginManager: Mounting plugin AndroidMedia
LogPluginManager: Mounting plugin AvfMedia
LogPluginManager: Mounting plugin ImgMedia
LogPluginManager: Mounting plugin LinearTimecode
LogPluginManager: Mounting plugin MediaCompositing
LogPluginManager: Mounting plugin MediaPlayerEditor
LogPluginManager: Mounting plugin WebMMedia
LogPluginManager: Mounting plugin WmfMedia
LogPluginManager: Mounting plugin TcpMessaging
LogPluginManager: Mounting plugin UdpMessaging
LogPluginManager: Mounting plugin ActorSequence
LogPluginManager: Mounting plugin LevelSequenceEditor
LogPluginManager: Mounting plugin MatineeToLevelSequence
LogPluginManager: Mounting plugin NetcodeUnitTest
LogPluginManager: Mounting plugin NUTUnrealEngine4
LogPluginManager: Mounting plugin OnlineSubsystemGooglePlay
LogPluginManager: Mounting plugin OnlineSubsystemIOS
LogPluginManager: Mounting plugin OnlineSubsystem
LogPluginManager: Mounting plugin OnlineSubsystemNull
LogPluginManager: Mounting plugin OnlineSubsystemUtils
LogPluginManager: Mounting plugin LauncherChunkInstaller
LogPluginManager: Mounting plugin AndroidDeviceProfileSelector
LogPluginManager: Mounting plugin AndroidMoviePlayer
LogPluginManager: Mounting plugin AndroidPermission
LogPluginManager: Mounting plugin AppleMoviePlayer
LogPluginManager: Mounting plugin ArchVisCharacter
LogPluginManager: Mounting plugin AudioCapture
LogPluginManager: Mounting plugin CableComponent
LogPluginManager: Mounting plugin CustomMeshComponent
LogPluginManager: Mounting plugin EditableMesh
LogPluginManager: Mounting plugin ExampleDeviceProfileSelector
LogPluginManager: Mounting plugin Firebase
LogPluginManager: Mounting plugin GoogleCloudMessaging
LogPluginManager: Mounting plugin IOSDeviceProfileSelector
LogPluginManager: Mounting plugin LinuxDeviceProfileSelector
LogPluginManager: Mounting plugin LocationServicesBPLibrary
LogPluginManager: Mounting plugin MobilePatchingUtils
LogPluginManager: Mounting plugin OculusVR
LogPluginManager: Mounting plugin PhysXVehicles
LogPluginManager: Mounting plugin ProceduralMeshComponent
LogPluginManager: Mounting plugin RuntimePhysXCooking
LogPluginManager: Mounting plugin SteamVR
LogPluginManager: Mounting plugin WebMMoviePlayer
LogPluginManager: Mounting plugin WindowsMoviePlayer
LogStreaming: Display: Took  0.136s to configure plugins.
LogInit: Using libcurl 7.55.1-DEV
LogInit:  - built for x86_64-pc-win32
LogInit:  - supports SSL with OpenSSL/1.0.2h
LogInit:  - supports HTTP deflate (compression) using libz 1.2.8
LogInit:  - other features:
LogInit:      CURL_VERSION_SSL
LogInit:      CURL_VERSION_LIBZ
LogInit:      CURL_VERSION_IPV6
LogInit:      CURL_VERSION_ASYNCHDNS
LogInit:      CURL_VERSION_LARGEFILE
LogInit:      CURL_VERSION_IDN
LogInit:  CurlRequestOptions (configurable via config and command line):
LogInit:  - bVerifyPeer = true  - Libcurl will verify peer certificate
LogInit:  - bUseHttpProxy = false  - Libcurl will NOT use HTTP proxy
LogInit:  - bDontReuseConnections = false  - Libcurl will reuse connections
LogInit:  - MaxHostConnections = 16  - Libcurl will limit the number of connections to a host
LogInit:  - LocalHostAddr = Default
LogInit:  - BufferSize = 65536
LogInit: WinSock: version 1.1 (2.2), MaxSocks=32767, MaxUdp=65467
LogInit: Build: ++UE4+Release-4.21-CL-4753647
LogInit: Engine Version: 4.21.2-4753647+++UE4+Release-4.21
LogInit: Compatible Engine Version: 4.21.0-4541578+++UE4+Release-4.21
LogInit: Net CL: 4541578
LogInit: OS: Windows 10 (), CPU: Intel(R) Core(TM) i5-7200U CPU @ 2.50GHz, GPU: Intel(R) HD Graphics 620
LogInit: Compiled (64-bit): Jan 19 2019 02:07:31
LogInit: Compiled with Visual C++: 19.13.26129.00
LogInit: Build Configuration: Development
LogInit: Branch Name: ++UE4+Release-4.21
LogInit: Command Line: 
LogInit: Base Directory: C:/Program Files/Epic Games/UE_4.21/Engine/Binaries/Win64/
LogInit: Installed Engine Build: 1
LogDevObjectVersion: Number of dev versions registered: 22
LogDevObjectVersion:   Dev-Blueprints (B0D832E4-1F89-4F0D-ACCF-7EB736FD4AA2): 10
LogDevObjectVersion:   Dev-Build (E1C64328-A22C-4D53-A36C-8E866417BD8C): 0
LogDevObjectVersion:   Dev-Core (375EC13C-06E4-48FB-B500-84F0262A717E): 2
LogDevObjectVersion:   Dev-Editor (E4B068ED-F494-42E9-A231-DA0B2E46BB41): 26
LogDevObjectVersion:   Dev-Framework (CFFC743F-43B0-4480-9391-14DF171D2073): 34
LogDevObjectVersion:   Dev-Mobile (B02B49B5-BB20-44E9-A304-32B752E40360): 2
LogDevObjectVersion:   Dev-Networking (A4E4105C-59A1-49B5-A7C5-40C4547EDFEE): 0
LogDevObjectVersion:   Dev-Online (39C831C9-5AE6-47DC-9A44-9C173E1C8E7C): 0
LogDevObjectVersion:   Dev-Physics (78F01B33-EBEA-4F98-B9B4-84EACCB95AA2): 0
LogDevObjectVersion:   Dev-Platform (6631380F-2D4D-43E0-8009-CF276956A95A): 0
LogDevObjectVersion:   Dev-Rendering (12F88B9F-8875-4AFC-A67C-D90C383ABD29): 27
LogDevObjectVersion:   Dev-Sequencer (7B5AE74C-D270-4C10-A958-57980B212A5A): 9
LogDevObjectVersion:   Dev-VR (D7296918-1DD6-4BDD-9DE2-64A83CC13884): 2
LogDevObjectVersion:   Dev-LoadTimes (C2A15278-BFE7-4AFE-6C17-90FF531DF755): 1
LogDevObjectVersion:   Private-Geometry (6EACA3D4-40EC-4CC1-B786-8BED09428FC5): 3
LogDevObjectVersion:   Dev-AnimPhys (29E575DD-E0A3-4627-9D10-D276232CDCEA): 17
LogDevObjectVersion:   Dev-Anim (AF43A65D-7FD3-4947-9873-3E8ED9C1BB05): 2
LogDevObjectVersion:   Dev-ReflectionCapture (6B266CEC-1EC7-4B8F-A30B-E4D90942FC07): 1
LogDevObjectVersion:   Dev-Automation (0DF73D61-A23F-47EA-B727-89E90C41499A): 1
LogDevObjectVersion:   FortniteMain (601D1886-AC64-4F84-AA16-D3DE0DEAC7D6): 17
LogDevObjectVersion:   Dev-Enterprise (9DFFBCD6-494F-0158-E221-12823C92A888): 4
LogDevObjectVersion:   Dev-Niagara (F2AED0AC-9AFE-416F-8664-AA7FFA26D6FC): 1
LogStreaming: Display: Took  0.001s to delete old logs.
LogInit: Presizing for max 8388607 objects, including 0 objects not considered by GC, pre-allocating 0 bytes for permanent pool.
LogInit: Object subsystem initialized
LogConfig: Setting CVar [[con.DebugEarlyDefault:1]]
LogConfig: Setting CVar [[r.setres:1280x720]]
[2019.03.04-01.53.21:580][  0]LogConfig: Setting CVar [[r.VSync:0]]
[2019.03.04-01.53.21:580][  0]LogConfig: Setting CVar [[r.RHICmdBypass:0]]
[2019.03.04-01.53.21:580][  0]LogConfig: Applying CVar settings from Section [/Script/Engine.RendererSettings] File [C:/Users/Leehe/Documents/Unreal Projects/CAP4053/Saved/Config/Windows/Engine.ini]
[2019.03.04-01.53.21:581][  0]LogConfig: Setting CVar [[r.GPUCrashDebugging:0]]
[2019.03.04-01.53.21:581][  0]LogConfig: Setting CVar [[r.MobileHDR:1]]
[2019.03.04-01.53.21:581][  0]LogConfig: Setting CVar [[r.Mobile.DisableVertexFog:1]]
[2019.03.04-01.53.21:581][  0]LogConfig: Setting CVar [[r.Shadow.CSM.MaxMobileCascades:2]]
[2019.03.04-01.53.21:581][  0]LogConfig: Setting CVar [[r.MobileMSAA:1]]
[2019.03.04-01.53.21:581][  0]LogConfig: Setting CVar [[r.Mobile.UseLegacyShadingModel:0]]
[2019.03.04-01.53.21:581][  0]LogConfig: Setting CVar [[r.Mobile.AllowDitheredLODTransition:0]]
[2019.03.04-01.53.21:581][  0]LogConfig: Setting CVar [[r.Mobile.AllowSoftwareOcclusion:0]]
[2019.03.04-01.53.21:581][  0]LogConfig: Setting CVar [[r.DiscardUnusedQuality:0]]
[2019.03.04-01.53.21:581][  0]LogConfig: Setting CVar [[r.AllowOcclusionQueries:1]]
[2019.03.04-01.53.21:581][  0]LogConfig: Setting CVar [[r.MinScreenRadiusForLights:0.030000]]
[2019.03.04-01.53.21:581][  0]LogConfig: Setting CVar [[r.MinScreenRadiusForDepthPrepass:0.030000]]
[2019.03.04-01.53.21:581][  0]LogConfig: Setting CVar [[r.MinScreenRadiusForCSMDepth:0.010000]]
[2019.03.04-01.53.21:581][  0]LogConfig: Setting CVar [[r.PrecomputedVisibilityWarning:0]]
[2019.03.04-01.53.21:581][  0]LogConfig: Setting CVar [[r.TextureStreaming:1]]
[2019.03.04-01.53.21:581][  0]LogConfig: Setting CVar [[Compat.UseDXT5NormalMaps:0]]
[2019.03.04-01.53.21:581][  0]LogConfig: Setting CVar [[r.ClearCoatNormal:0]]
[2019.03.04-01.53.21:581][  0]LogConfig: Setting CVar [[r.ReflectionCaptureResolution:128]]
[2019.03.04-01.53.21:581][  0]LogConfig: Setting CVar [[r.ReflectionEnvironmentLightmapMixBasedOnRoughness:1]]
[2019.03.04-01.53.21:581][  0]LogConfig: Setting CVar [[r.ForwardShading:0]]
[2019.03.04-01.53.21:581][  0]LogConfig: Setting CVar [[r.VertexFoggingForOpaque:1]]
[2019.03.04-01.53.21:581][  0]LogConfig: Setting CVar [[r.AllowStaticLighting:1]]
[2019.03.04-01.53.21:581][  0]LogConfig: Setting CVar [[r.NormalMapsForStaticLighting:0]]
[2019.03.04-01.53.21:581][  0]LogConfig: Setting CVar [[r.GenerateMeshDistanceFields:0]]
[2019.03.04-01.53.21:581][  0]LogConfig: Setting CVar [[r.DistanceFieldBuild.EightBit:0]]
[2019.03.04-01.53.21:581][  0]LogConfig: Setting CVar [[r.GenerateLandscapeGIData:0]]
[2019.03.04-01.53.21:581][  0]LogConfig: Setting CVar [[r.DistanceFieldBuild.Compress:0]]
[2019.03.04-01.53.21:581][  0]LogConfig: Setting CVar [[r.TessellationAdaptivePixelsPerTriangle:48.000000]]
[2019.03.04-01.53.21:581][  0]LogConfig: Setting CVar [[r.SeparateTranslucency:1]]
[2019.03.04-01.53.21:581][  0]LogConfig: Setting CVar [[r.TranslucentSortPolicy:0]]
[2019.03.04-01.53.21:581][  0]LogConfig: Setting CVar [[r.CustomDepth:1]]
[2019.03.04-01.53.21:581][  0]LogConfig: Setting CVar [[r.CustomDepthTemporalAAJitter:1]]
[2019.03.04-01.53.21:581][  0]LogConfig: Setting CVar [[r.PostProcessing.PropagateAlpha:0]]
[2019.03.04-01.53.21:581][  0]LogConfig: Setting CVar [[r.DOF.Algorithm:1]]
[2019.03.04-01.53.21:581][  0]LogConfig: Setting CVar [[r.DefaultFeature.Bloom:1]]
[2019.03.04-01.53.21:581][  0]LogConfig: Setting CVar [[r.DefaultFeature.AmbientOcclusion:1]]
[2019.03.04-01.53.21:581][  0]LogConfig: Setting CVar [[r.DefaultFeature.AmbientOcclusionStaticFraction:1]]
[2019.03.04-01.53.21:581][  0]LogConfig: Setting CVar [[r.DefaultFeature.AutoExposure:0]]
[2019.03.04-01.53.21:581][  0]LogConfig: Setting CVar [[r.DefaultFeature.AutoExposure.Method:0]]
[2019.03.04-01.53.21:581][  0]LogConfig: Setting CVar [[r.DefaultFeature.AutoExposure.ExtendDefaultLuminanceRange:0]]
[2019.03.04-01.53.21:581][  0]LogConfig: Setting CVar [[r.UsePreExposure:0]]
[2019.03.04-01.53.21:581][  0]LogConfig: Setting CVar [[r.DefaultFeature.MotionBlur:0]]
[2019.03.04-01.53.21:581][  0]LogConfig: Setting CVar [[r.DefaultFeature.LensFlare:0]]
[2019.03.04-01.53.21:581][  0]LogConfig: Setting CVar [[r.TemporalAA.Upsampling:0]]
[2019.03.04-01.53.21:581][  0]LogConfig: Setting CVar [[r.DefaultFeature.AntiAliasing:0]]
[2019.03.04-01.53.21:581][  0]LogConfig: Setting CVar [[r.DefaultFeature.LightUnits:1]]
[2019.03.04-01.53.21:581][  0]LogConfig: Setting CVar [[r.DefaultBackBufferPixelFormat:4]]
[2019.03.04-01.53.21:581][  0]LogConfig: Setting CVar [[r.Shadow.UnbuiltPreviewInGame:1]]
[2019.03.04-01.53.21:581][  0]LogConfig: Setting CVar [[r.StencilForLODDither:0]]
[2019.03.04-01.53.21:581][  0]LogConfig: Setting CVar [[r.EarlyZPass:3]]
[2019.03.04-01.53.21:581][  0]LogConfig: Setting CVar [[r.EarlyZPassMovable:1]]
[2019.03.04-01.53.21:582][  0]LogConfig: Setting CVar [[r.EarlyZPassOnlyMaterialMasking:0]]
[2019.03.04-01.53.21:582][  0]LogConfig: Setting CVar [[r.DBuffer:1]]
[2019.03.04-01.53.21:582][  0]LogConfig: Setting CVar [[r.ClearSceneMethod:1]]
[2019.03.04-01.53.21:582][  0]LogConfig: Setting CVar [[r.BasePassOutputsVelocity:0]]
[2019.03.04-01.53.21:582][  0]LogConfig: Setting CVar [[r.SelectiveBasePassOutputs:0]]
[2019.03.04-01.53.21:582][  0]LogConfig: Setting CVar [[fx.GPUSimulationTextureSizeX:1024]]
[2019.03.04-01.53.21:582][  0]LogConfig: Setting CVar [[fx.GPUSimulationTextureSizeY:1024]]
[2019.03.04-01.53.21:582][  0]LogConfig: Setting CVar [[r.AllowGlobalClipPlane:0]]
[2019.03.04-01.53.21:582][  0]LogConfig: Setting CVar [[r.GBufferFormat:1]]
[2019.03.04-01.53.21:582][  0]LogConfig: Setting CVar [[r.MorphTarget.Mode:1]]
[2019.03.04-01.53.21:582][  0]LogConfig: Setting CVar [[vr.InstancedStereo:0]]
[2019.03.04-01.53.21:582][  0]LogConfig: Setting CVar [[vr.MultiView:0]]
[2019.03.04-01.53.21:582][  0]LogConfig: Setting CVar [[vr.MobileMultiView:0]]
[2019.03.04-01.53.21:582][  0]LogConfig: Setting CVar [[vr.MobileMultiView.Direct:0]]
[2019.03.04-01.53.21:582][  0]LogConfig: Setting CVar [[vr.MonoscopicFarField:0]]
[2019.03.04-01.53.21:582][  0]LogConfig: Setting CVar [[vr.RoundRobinOcclusion:0]]
[2019.03.04-01.53.21:582][  0]LogConfig: Setting CVar [[vr.ODSCapture:0]]
[2019.03.04-01.53.21:582][  0]LogConfig: Setting CVar [[r.WireframeCullThreshold:5.000000]]
[2019.03.04-01.53.21:582][  0]LogConfig: Setting CVar [[r.SupportStationarySkylight:1]]
[2019.03.04-01.53.21:582][  0]LogConfig: Setting CVar [[r.SupportLowQualityLightmaps:1]]
[2019.03.04-01.53.21:582][  0]LogConfig: Setting CVar [[r.SupportPointLightWholeSceneShadows:1]]
[2019.03.04-01.53.21:582][  0]LogConfig: Setting CVar [[r.SupportAtmosphericFog:1]]
[2019.03.04-01.53.21:582][  0]LogConfig: Setting CVar [[r.SkinCache.CompileShaders:0]]
[2019.03.04-01.53.21:582][  0]LogConfig: Setting CVar [[r.Mobile.EnableStaticAndCSMShadowReceivers:1]]
[2019.03.04-01.53.21:582][  0]LogConfig: Setting CVar [[r.Mobile.EnableMovableLightCSMShaderCulling:1]]
[2019.03.04-01.53.21:582][  0]LogConfig: Setting CVar [[r.Mobile.AllowDistanceFieldShadows:1]]
[2019.03.04-01.53.21:582][  0]LogConfig: Setting CVar [[r.Mobile.AllowMovableDirectionalLights:1]]
[2019.03.04-01.53.21:582][  0]LogConfig: Setting CVar [[r.MobileNumDynamicPointLights:4]]
[2019.03.04-01.53.21:582][  0]LogConfig: Setting CVar [[r.MobileDynamicPointLightsUseStaticBranch:1]]
[2019.03.04-01.53.21:582][  0]LogConfig: Setting CVar [[r.SkinCache.SceneMemoryLimitInMB:128.000000]]
[2019.03.04-01.53.21:582][  0]LogConfig: Setting CVar [[r.GPUSkin.Limit2BoneInfluences:0]]
[2019.03.04-01.53.21:582][  0]LogConfig: Setting CVar [[r.SupportDepthOnlyIndexBuffers:1]]
[2019.03.04-01.53.21:582][  0]LogConfig: Setting CVar [[r.SupportReversedIndexBuffers:1]]
[2019.03.04-01.53.21:582][  0]LogConfig: Setting CVar [[r.SupportMaterialLayers:0]]
[2019.03.04-01.53.21:582][  0]LogConfig: Applying CVar settings from Section [/Script/Engine.RendererOverrideSettings] File [C:/Users/Leehe/Documents/Unreal Projects/CAP4053/Saved/Config/Windows/Engine.ini]
[2019.03.04-01.53.21:582][  0]LogConfig: Applying CVar settings from Section [/Script/Engine.StreamingSettings] File [C:/Users/Leehe/Documents/Unreal Projects/CAP4053/Saved/Config/Windows/Engine.ini]
[2019.03.04-01.53.21:582][  0]LogConfig: Setting CVar [[s.MinBulkDataSizeForAsyncLoading:131072]]
[2019.03.04-01.53.21:582][  0]LogConfig: Setting CVar [[s.AsyncLoadingThreadEnabled:0]]
[2019.03.04-01.53.21:582][  0]LogConfig: Setting CVar [[s.EventDrivenLoaderEnabled:1]]
[2019.03.04-01.53.21:582][  0]LogConfig: Setting CVar [[s.WarnIfTimeLimitExceeded:0]]
[2019.03.04-01.53.21:582][  0]LogConfig: Setting CVar [[s.TimeLimitExceededMultiplier:1.5]]
[2019.03.04-01.53.21:582][  0]LogConfig: Setting CVar [[s.TimeLimitExceededMinTime:0.005]]
[2019.03.04-01.53.21:582][  0]LogConfig: Setting CVar [[s.UseBackgroundLevelStreaming:1]]
[2019.03.04-01.53.21:582][  0]LogConfig: Setting CVar [[s.PriorityAsyncLoadingExtraTime:15.0]]
[2019.03.04-01.53.21:582][  0]LogConfig: Setting CVar [[s.LevelStreamingActorsUpdateTimeLimit:5.0]]
[2019.03.04-01.53.21:582][  0]LogConfig: Setting CVar [[s.PriorityLevelStreamingActorsUpdateExtraTime:5.0]]
[2019.03.04-01.53.21:582][  0]LogConfig: Setting CVar [[s.LevelStreamingComponentsRegistrationGranularity:10]]
[2019.03.04-01.53.21:582][  0]LogConfig: Setting CVar [[s.UnregisterComponentsTimeLimit:1.0]]
[2019.03.04-01.53.21:582][  0]LogConfig: Setting CVar [[s.LevelStreamingComponentsUnregistrationGranularity:5]]
[2019.03.04-01.53.21:582][  0]LogConfig: Applying CVar settings from Section [/Script/Engine.GarbageCollectionSettings] File [C:/Users/Leehe/Documents/Unreal Projects/CAP4053/Saved/Config/Windows/Engine.ini]
[2019.03.04-01.53.21:582][  0]LogConfig: Setting CVar [[gc.MaxObjectsNotConsideredByGC:1]]
[2019.03.04-01.53.21:582][  0]LogConfig: Setting CVar [[gc.SizeOfPermanentObjectPool:0]]
[2019.03.04-01.53.21:582][  0]LogConfig: Setting CVar [[gc.FlushStreamingOnGC:0]]
[2019.03.04-01.53.21:582][  0]LogConfig: Setting CVar [[gc.NumRetriesBeforeForcingGC:10]]
[2019.03.04-01.53.21:582][  0]LogConfig: Setting CVar [[gc.AllowParallelGC:1]]
[2019.03.04-01.53.21:582][  0]LogConfig: Setting CVar [[gc.TimeBetweenPurgingPendingKillObjects:61.1]]
[2019.03.04-01.53.21:582][  0]LogConfig: Setting CVar [[gc.MaxObjectsInEditor:8388607]]
[2019.03.04-01.53.21:583][  0]LogConfig: Setting CVar [[gc.IncrementalBeginDestroyEnabled:1]]
[2019.03.04-01.53.21:583][  0]LogConfig: Setting CVar [[gc.CreateGCClusters:1]]
[2019.03.04-01.53.21:583][  0]LogConfig: Setting CVar [[gc.MergeGCClusters:0]]
[2019.03.04-01.53.21:583][  0]LogConfig: Setting CVar [[gc.MinGCClusterSize:5]]
[2019.03.04-01.53.21:583][  0]LogConfig: Setting CVar [[gc.ActorClusteringEnabled:0]]
[2019.03.04-01.53.21:583][  0]LogConfig: Setting CVar [[gc.BlueprintClusteringEnabled:0]]
[2019.03.04-01.53.21:583][  0]LogConfig: Setting CVar [[gc.UseDisregardForGCOnDedicatedServers:0]]
[2019.03.04-01.53.21:583][  0]LogConfig: Applying CVar settings from Section [/Script/Engine.NetworkSettings] File [C:/Users/Leehe/Documents/Unreal Projects/CAP4053/Saved/Config/Windows/Engine.ini]
[2019.03.04-01.53.21:583][  0]LogConfig: Applying CVar settings from Section [/Script/UnrealEd.CookerSettings] File [C:/Users/Leehe/Documents/Unreal Projects/CAP4053/Saved/Config/Windows/Engine.ini]
[2019.03.04-01.53.21:585][  0]LogConfig: Applying CVar settings from Section [ViewDistanceQuality@3] File [C:/Users/Leehe/Documents/Unreal Projects/CAP4053/Saved/Config/Windows/Scalability.ini]
[2019.03.04-01.53.21:585][  0]LogConfig: Setting CVar [[r.SkeletalMeshLODBias:0]]
[2019.03.04-01.53.21:585][  0]LogConfig: Setting CVar [[r.ViewDistanceScale:1.0]]
[2019.03.04-01.53.21:585][  0]LogConfig: Applying CVar settings from Section [AntiAliasingQuality@3] File [C:/Users/Leehe/Documents/Unreal Projects/CAP4053/Saved/Config/Windows/Scalability.ini]
[2019.03.04-01.53.21:585][  0]LogConfig: Setting CVar [[r.PostProcessAAQuality:4]]
[2019.03.04-01.53.21:585][  0]LogConfig: Applying CVar settings from Section [ShadowQuality@3] File [C:/Users/Leehe/Documents/Unreal Projects/CAP4053/Saved/Config/Windows/Scalability.ini]
[2019.03.04-01.53.21:585][  0]LogConfig: Setting CVar [[r.LightFunctionQuality:1]]
[2019.03.04-01.53.21:585][  0]LogConfig: Setting CVar [[r.ShadowQuality:5]]
[2019.03.04-01.53.21:585][  0]LogConfig: Setting CVar [[r.Shadow.CSM.MaxCascades:10]]
[2019.03.04-01.53.21:585][  0]LogConfig: Setting CVar [[r.Shadow.MaxResolution:2048]]
[2019.03.04-01.53.21:585][  0]LogConfig: Setting CVar [[r.Shadow.MaxCSMResolution:2048]]
[2019.03.04-01.53.21:585][  0]LogConfig: Setting CVar [[r.Shadow.RadiusThreshold:0.01]]
[2019.03.04-01.53.21:585][  0]LogConfig: Setting CVar [[r.Shadow.DistanceScale:1.0]]
[2019.03.04-01.53.21:586][  0]LogConfig: Setting CVar [[r.Shadow.CSM.TransitionScale:1.0]]
[2019.03.04-01.53.21:586][  0]LogConfig: Setting CVar [[r.Shadow.PreShadowResolutionFactor:1.0]]
[2019.03.04-01.53.21:586][  0]LogConfig: Setting CVar [[r.DistanceFieldShadowing:1]]
[2019.03.04-01.53.21:586][  0]LogConfig: Setting CVar [[r.DistanceFieldAO:1]]
[2019.03.04-01.53.21:586][  0]LogConfig: Setting CVar [[r.AOQuality:2]]
[2019.03.04-01.53.21:586][  0]LogConfig: Setting CVar [[r.VolumetricFog:1]]
[2019.03.04-01.53.21:586][  0]LogConfig: Setting CVar [[r.VolumetricFog.GridPixelSize:8]]
[2019.03.04-01.53.21:586][  0]LogConfig: Setting CVar [[r.VolumetricFog.GridSizeZ:128]]
[2019.03.04-01.53.21:586][  0]LogConfig: Setting CVar [[r.VolumetricFog.HistoryMissSupersampleCount:4]]
[2019.03.04-01.53.21:586][  0]LogConfig: Setting CVar [[r.LightMaxDrawDistanceScale:1]]
[2019.03.04-01.53.21:586][  0]LogConfig: Setting CVar [[r.CapsuleShadows:1]]
[2019.03.04-01.53.21:586][  0]LogConfig: Applying CVar settings from Section [PostProcessQuality@3] File [C:/Users/Leehe/Documents/Unreal Projects/CAP4053/Saved/Config/Windows/Scalability.ini]
[2019.03.04-01.53.21:586][  0]LogConfig: Setting CVar [[r.MotionBlurQuality:4]]
[2019.03.04-01.53.21:586][  0]LogConfig: Setting CVar [[r.AmbientOcclusionMipLevelFactor:0.4]]
[2019.03.04-01.53.21:586][  0]LogConfig: Setting CVar [[r.AmbientOcclusionMaxQuality:100]]
[2019.03.04-01.53.21:586][  0]LogConfig: Setting CVar [[r.AmbientOcclusionLevels:-1]]
[2019.03.04-01.53.21:586][  0]LogConfig: Setting CVar [[r.AmbientOcclusionRadiusScale:1.0]]
[2019.03.04-01.53.21:586][  0]LogConfig: Setting CVar [[r.DepthOfFieldQuality:2]]
[2019.03.04-01.53.21:586][  0]LogConfig: Setting CVar [[r.RenderTargetPoolMin:400]]
[2019.03.04-01.53.21:586][  0]LogConfig: Setting CVar [[r.LensFlareQuality:2]]
[2019.03.04-01.53.21:586][  0]LogConfig: Setting CVar [[r.SceneColorFringeQuality:1]]
[2019.03.04-01.53.21:586][  0]LogConfig: Setting CVar [[r.EyeAdaptationQuality:2]]
[2019.03.04-01.53.21:586][  0]LogConfig: Setting CVar [[r.BloomQuality:5]]
[2019.03.04-01.53.21:586][  0]LogConfig: Setting CVar [[r.FastBlurThreshold:100]]
[2019.03.04-01.53.21:586][  0]LogConfig: Setting CVar [[r.Upscale.Quality:3]]
[2019.03.04-01.53.21:586][  0]LogConfig: Setting CVar [[r.Tonemapper.GrainQuantization:1]]
[2019.03.04-01.53.21:586][  0]LogConfig: Setting CVar [[r.LightShaftQuality:1]]
[2019.03.04-01.53.21:586][  0]LogConfig: Setting CVar [[r.Filter.SizeScale:1]]
[2019.03.04-01.53.21:586][  0]LogConfig: Setting CVar [[r.Tonemapper.Quality:5]]
[2019.03.04-01.53.21:586][  0]LogConfig: Setting CVar [[r.DOF.Gather.AccumulatorQuality:1        ; higher gathering accumulator quality]]
[2019.03.04-01.53.21:586][  0]LogConfig: Setting CVar [[r.DOF.Gather.PostfilterMethod:1          ; Median3x3 postfilering method]]
[2019.03.04-01.53.21:586][  0]LogConfig: Setting CVar [[r.DOF.Gather.EnableBokehSettings:0       ; no bokeh simulation when gathering]]
[2019.03.04-01.53.21:586][  0]LogConfig: Setting CVar [[r.DOF.Gather.RingCount:4                 ; medium number of samples when gathering]]
[2019.03.04-01.53.21:586][  0]LogConfig: Setting CVar [[r.DOF.Scatter.ForegroundCompositing:1    ; additive foreground scattering]]
[2019.03.04-01.53.21:586][  0]LogConfig: Setting CVar [[r.DOF.Scatter.BackgroundCompositing:2    ; additive background scattering]]
[2019.03.04-01.53.21:586][  0]LogConfig: Setting CVar [[r.DOF.Scatter.EnableBokehSettings:1      ; bokeh simulation when scattering]]
[2019.03.04-01.53.21:586][  0]LogConfig: Setting CVar [[r.DOF.Scatter.MaxSpriteRatio:0.1         ; only a maximum of 10% of scattered bokeh]]
[2019.03.04-01.53.21:586][  0]LogConfig: Setting CVar [[r.DOF.Recombine.Quality:1                ; cheap slight out of focus]]
[2019.03.04-01.53.21:586][  0]LogConfig: Setting CVar [[r.DOF.Recombine.EnableBokehSettings:0    ; no bokeh simulation on slight out of focus]]
[2019.03.04-01.53.21:586][  0]LogConfig: Setting CVar [[r.DOF.TemporalAAQuality:1                ; more stable temporal accumulation]]
[2019.03.04-01.53.21:586][  0]LogConfig: Setting CVar [[r.DOF.Kernel.MaxForegroundRadius:0.025]]
[2019.03.04-01.53.21:586][  0]LogConfig: Setting CVar [[r.DOF.Kernel.MaxBackgroundRadius:0.025]]
[2019.03.04-01.53.21:586][  0]LogConfig: Applying CVar settings from Section [TextureQuality@3] File [C:/Users/Leehe/Documents/Unreal Projects/CAP4053/Saved/Config/Windows/Scalability.ini]
[2019.03.04-01.53.21:586][  0]LogConfig: Setting CVar [[r.Streaming.MipBias:0]]
[2019.03.04-01.53.21:586][  0]LogConfig: Setting CVar [[r.Streaming.AmortizeCPUToGPUCopy:0]]
[2019.03.04-01.53.21:586][  0]LogConfig: Setting CVar [[r.Streaming.MaxNumTexturesToStreamPerFrame:0]]
[2019.03.04-01.53.21:586][  0]LogConfig: Setting CVar [[r.Streaming.Boost:1]]
[2019.03.04-01.53.21:586][  0]LogConfig: Setting CVar [[r.MaxAnisotropy:8]]
[2019.03.04-01.53.21:586][  0]LogConfig: Setting CVar [[r.Streaming.LimitPoolSizeToVRAM:0]]
[2019.03.04-01.53.21:586][  0]LogConfig: Setting CVar [[r.Streaming.PoolSize:1000]]
[2019.03.04-01.53.21:586][  0]LogConfig: Setting CVar [[r.Streaming.MaxEffectiveScreenSize:0]]
[2019.03.04-01.53.21:586][  0]LogConfig: Applying CVar settings from Section [EffectsQuality@3] File [C:/Users/Leehe/Documents/Unreal Projects/CAP4053/Saved/Config/Windows/Scalability.ini]
[2019.03.04-01.53.21:586][  0]LogConfig: Setting CVar [[r.TranslucencyLightingVolumeDim:64]]
[2019.03.04-01.53.21:586][  0]LogConfig: Setting CVar [[r.RefractionQuality:2]]
[2019.03.04-01.53.21:586][  0]LogConfig: Setting CVar [[r.SSR.Quality:3]]
[2019.03.04-01.53.21:586][  0]LogConfig: Setting CVar [[r.SceneColorFormat:4]]
[2019.03.04-01.53.21:586][  0]LogConfig: Setting CVar [[r.DetailMode:2]]
[2019.03.04-01.53.21:586][  0]LogConfig: Setting CVar [[r.TranslucencyVolumeBlur:1]]
[2019.03.04-01.53.21:587][  0]LogConfig: Setting CVar [[r.MaterialQualityLevel:1 ; High quality]]
[2019.03.04-01.53.21:587][  0]LogConfig: Setting CVar [[r.SSS.Scale:1]]
[2019.03.04-01.53.21:587][  0]LogConfig: Setting CVar [[r.SSS.SampleSet:2]]
[2019.03.04-01.53.21:587][  0]LogConfig: Setting CVar [[r.SSS.Quality:1]]
[2019.03.04-01.53.21:587][  0]LogConfig: Setting CVar [[r.SSS.HalfRes:1]]
[2019.03.04-01.53.21:587][  0]LogConfig: Setting CVar [[r.EmitterSpawnRateScale:1.0]]
[2019.03.04-01.53.21:587][  0]LogConfig: Setting CVar [[r.ParticleLightQuality:2]]
[2019.03.04-01.53.21:587][  0]LogConfig: Applying CVar settings from Section [FoliageQuality@3] File [C:/Users/Leehe/Documents/Unreal Projects/CAP4053/Saved/Config/Windows/Scalability.ini]
[2019.03.04-01.53.21:587][  0]LogConfig: Setting CVar [[foliage.DensityScale:1.0]]
[2019.03.04-01.53.21:587][  0]LogConfig: Setting CVar [[grass.DensityScale:1.0]]
[2019.03.04-01.53.21:587][  0]LogInit: Selected Device Profile: [Windows]
[2019.03.04-01.53.21:587][  0]LogInit: Applying CVar settings loaded from the selected device profile: [Windows]
[2019.03.04-01.53.21:612][  0]LogHAL: Display: Platform has ~ 8 GB [8396877824 / 8589934592 / 8], which maps to Default [LargestMinGB=32, LargerMinGB=12, DefaultMinGB=8, SmallerMinGB=6, SmallestMinGB=0)
[2019.03.04-01.53.21:612][  0]LogConfig: Setting CVar [[r.Vulkan.UseRealUBs:1]]
[2019.03.04-01.53.21:612][  0]LogInit: Going up to parent DeviceProfile []
[2019.03.04-01.53.21:612][  0]LogConfig: Applying CVar settings from Section [ViewDistanceQuality@3] File [C:/Users/Leehe/Documents/Unreal Projects/CAP4053/Saved/Config/Windows/Scalability.ini]
[2019.03.04-01.53.21:612][  0]LogConfig: Setting CVar [[r.SkeletalMeshLODBias:0]]
[2019.03.04-01.53.21:612][  0]LogConfig: Setting CVar [[r.ViewDistanceScale:1.0]]
[2019.03.04-01.53.21:612][  0]LogConfig: Applying CVar settings from Section [AntiAliasingQuality@3] File [C:/Users/Leehe/Documents/Unreal Projects/CAP4053/Saved/Config/Windows/Scalability.ini]
[2019.03.04-01.53.21:612][  0]LogConfig: Setting CVar [[r.PostProcessAAQuality:4]]
[2019.03.04-01.53.21:612][  0]LogConfig: Applying CVar settings from Section [ShadowQuality@3] File [C:/Users/Leehe/Documents/Unreal Projects/CAP4053/Saved/Config/Windows/Scalability.ini]
[2019.03.04-01.53.21:612][  0]LogConfig: Setting CVar [[r.LightFunctionQuality:1]]
[2019.03.04-01.53.21:612][  0]LogConfig: Setting CVar [[r.ShadowQuality:5]]
[2019.03.04-01.53.21:612][  0]LogConfig: Setting CVar [[r.Shadow.CSM.MaxCascades:10]]
[2019.03.04-01.53.21:612][  0]LogConfig: Setting CVar [[r.Shadow.MaxResolution:2048]]
[2019.03.04-01.53.21:612][  0]LogConfig: Setting CVar [[r.Shadow.MaxCSMResolution:2048]]
[2019.03.04-01.53.21:612][  0]LogConfig: Setting CVar [[r.Shadow.RadiusThreshold:0.01]]
[2019.03.04-01.53.21:612][  0]LogConfig: Setting CVar [[r.Shadow.DistanceScale:1.0]]
[2019.03.04-01.53.21:612][  0]LogConfig: Setting CVar [[r.Shadow.CSM.TransitionScale:1.0]]
[2019.03.04-01.53.21:612][  0]LogConfig: Setting CVar [[r.Shadow.PreShadowResolutionFactor:1.0]]
[2019.03.04-01.53.21:612][  0]LogConfig: Setting CVar [[r.DistanceFieldShadowing:1]]
[2019.03.04-01.53.21:612][  0]LogConfig: Setting CVar [[r.DistanceFieldAO:1]]
[2019.03.04-01.53.21:612][  0]LogConfig: Setting CVar [[r.AOQuality:2]]
[2019.03.04-01.53.21:612][  0]LogConfig: Setting CVar [[r.VolumetricFog:1]]
[2019.03.04-01.53.21:612][  0]LogConfig: Setting CVar [[r.VolumetricFog.GridPixelSize:8]]
[2019.03.04-01.53.21:612][  0]LogConfig: Setting CVar [[r.VolumetricFog.GridSizeZ:128]]
[2019.03.04-01.53.21:612][  0]LogConfig: Setting CVar [[r.VolumetricFog.HistoryMissSupersampleCount:4]]
[2019.03.04-01.53.21:612][  0]LogConfig: Setting CVar [[r.LightMaxDrawDistanceScale:1]]
[2019.03.04-01.53.21:612][  0]LogConfig: Setting CVar [[r.CapsuleShadows:1]]
[2019.03.04-01.53.21:612][  0]LogConfig: Applying CVar settings from Section [PostProcessQuality@3] File [C:/Users/Leehe/Documents/Unreal Projects/CAP4053/Saved/Config/Windows/Scalability.ini]
[2019.03.04-01.53.21:612][  0]LogConfig: Setting CVar [[r.MotionBlurQuality:4]]
[2019.03.04-01.53.21:612][  0]LogConfig: Setting CVar [[r.AmbientOcclusionMipLevelFactor:0.4]]
[2019.03.04-01.53.21:612][  0]LogConfig: Setting CVar [[r.AmbientOcclusionMaxQuality:100]]
[2019.03.04-01.53.21:612][  0]LogConfig: Setting CVar [[r.AmbientOcclusionLevels:-1]]
[2019.03.04-01.53.21:612][  0]LogConfig: Setting CVar [[r.AmbientOcclusionRadiusScale:1.0]]
[2019.03.04-01.53.21:613][  0]LogConfig: Setting CVar [[r.DepthOfFieldQuality:2]]
[2019.03.04-01.53.21:613][  0]LogConfig: Setting CVar [[r.RenderTargetPoolMin:400]]
[2019.03.04-01.53.21:613][  0]LogConfig: Setting CVar [[r.LensFlareQuality:2]]
[2019.03.04-01.53.21:613][  0]LogConfig: Setting CVar [[r.SceneColorFringeQuality:1]]
[2019.03.04-01.53.21:613][  0]LogConfig: Setting CVar [[r.EyeAdaptationQuality:2]]
[2019.03.04-01.53.21:613][  0]LogConfig: Setting CVar [[r.BloomQuality:5]]
[2019.03.04-01.53.21:613][  0]LogConfig: Setting CVar [[r.FastBlurThreshold:100]]
[2019.03.04-01.53.21:613][  0]LogConfig: Setting CVar [[r.Upscale.Quality:3]]
[2019.03.04-01.53.21:613][  0]LogConfig: Setting CVar [[r.Tonemapper.GrainQuantization:1]]
[2019.03.04-01.53.21:613][  0]LogConfig: Setting CVar [[r.LightShaftQuality:1]]
[2019.03.04-01.53.21:613][  0]LogConfig: Setting CVar [[r.Filter.SizeScale:1]]
[2019.03.04-01.53.21:613][  0]LogConfig: Setting CVar [[r.Tonemapper.Quality:5]]
[2019.03.04-01.53.21:613][  0]LogConfig: Setting CVar [[r.DOF.Gather.AccumulatorQuality:1        ; higher gathering accumulator quality]]
[2019.03.04-01.53.21:613][  0]LogConfig: Setting CVar [[r.DOF.Gather.PostfilterMethod:1          ; Median3x3 postfilering method]]
[2019.03.04-01.53.21:613][  0]LogConfig: Setting CVar [[r.DOF.Gather.EnableBokehSettings:0       ; no bokeh simulation when gathering]]
[2019.03.04-01.53.21:613][  0]LogConfig: Setting CVar [[r.DOF.Gather.RingCount:4                 ; medium number of samples when gathering]]
[2019.03.04-01.53.21:613][  0]LogConfig: Setting CVar [[r.DOF.Scatter.ForegroundCompositing:1    ; additive foreground scattering]]
[2019.03.04-01.53.21:613][  0]LogConfig: Setting CVar [[r.DOF.Scatter.BackgroundCompositing:2    ; additive background scattering]]
[2019.03.04-01.53.21:613][  0]LogConfig: Setting CVar [[r.DOF.Scatter.EnableBokehSettings:1      ; bokeh simulation when scattering]]
[2019.03.04-01.53.21:613][  0]LogConfig: Setting CVar [[r.DOF.Scatter.MaxSpriteRatio:0.1         ; only a maximum of 10% of scattered bokeh]]
[2019.03.04-01.53.21:613][  0]LogConfig: Setting CVar [[r.DOF.Recombine.Quality:1                ; cheap slight out of focus]]
[2019.03.04-01.53.21:613][  0]LogConfig: Setting CVar [[r.DOF.Recombine.EnableBokehSettings:0    ; no bokeh simulation on slight out of focus]]
[2019.03.04-01.53.21:613][  0]LogConfig: Setting CVar [[r.DOF.TemporalAAQuality:1                ; more stable temporal accumulation]]
[2019.03.04-01.53.21:613][  0]LogConfig: Setting CVar [[r.DOF.Kernel.MaxForegroundRadius:0.025]]
[2019.03.04-01.53.21:613][  0]LogConfig: Setting CVar [[r.DOF.Kernel.MaxBackgroundRadius:0.025]]
[2019.03.04-01.53.21:613][  0]LogConfig: Applying CVar settings from Section [TextureQuality@3] File [C:/Users/Leehe/Documents/Unreal Projects/CAP4053/Saved/Config/Windows/Scalability.ini]
[2019.03.04-01.53.21:613][  0]LogConfig: Setting CVar [[r.Streaming.MipBias:0]]
[2019.03.04-01.53.21:613][  0]LogConfig: Setting CVar [[r.Streaming.AmortizeCPUToGPUCopy:0]]
[2019.03.04-01.53.21:613][  0]LogConfig: Setting CVar [[r.Streaming.MaxNumTexturesToStreamPerFrame:0]]
[2019.03.04-01.53.21:613][  0]LogConfig: Setting CVar [[r.Streaming.Boost:1]]
[2019.03.04-01.53.21:613][  0]LogConfig: Setting CVar [[r.MaxAnisotropy:8]]
[2019.03.04-01.53.21:613][  0]LogConfig: Setting CVar [[r.Streaming.LimitPoolSizeToVRAM:0]]
[2019.03.04-01.53.21:613][  0]LogConfig: Setting CVar [[r.Streaming.PoolSize:1000]]
[2019.03.04-01.53.21:613][  0]LogConfig: Setting CVar [[r.Streaming.MaxEffectiveScreenSize:0]]
[2019.03.04-01.53.21:613][  0]LogConfig: Applying CVar settings from Section [EffectsQuality@3] File [C:/Users/Leehe/Documents/Unreal Projects/CAP4053/Saved/Config/Windows/Scalability.ini]
[2019.03.04-01.53.21:613][  0]LogConfig: Setting CVar [[r.TranslucencyLightingVolumeDim:64]]
[2019.03.04-01.53.21:613][  0]LogConfig: Setting CVar [[r.RefractionQuality:2]]
[2019.03.04-01.53.21:613][  0]LogConfig: Setting CVar [[r.SSR.Quality:3]]
[2019.03.04-01.53.21:613][  0]LogConfig: Setting CVar [[r.SceneColorFormat:4]]
[2019.03.04-01.53.21:613][  0]LogConfig: Setting CVar [[r.DetailMode:2]]
[2019.03.04-01.53.21:613][  0]LogConfig: Setting CVar [[r.TranslucencyVolumeBlur:1]]
[2019.03.04-01.53.21:613][  0]LogConfig: Setting CVar [[r.MaterialQualityLevel:1 ; High quality]]
[2019.03.04-01.53.21:613][  0]LogConfig: Setting CVar [[r.SSS.Scale:1]]
[2019.03.04-01.53.21:613][  0]LogConfig: Setting CVar [[r.SSS.SampleSet:2]]
[2019.03.04-01.53.21:613][  0]LogConfig: Setting CVar [[r.SSS.Quality:1]]
[2019.03.04-01.53.21:613][  0]LogConfig: Setting CVar [[r.SSS.HalfRes:1]]
[2019.03.04-01.53.21:613][  0]LogConfig: Setting CVar [[r.EmitterSpawnRateScale:1.0]]
[2019.03.04-01.53.21:613][  0]LogConfig: Setting CVar [[r.ParticleLightQuality:2]]
[2019.03.04-01.53.21:613][  0]LogConfig: Applying CVar settings from Section [FoliageQuality@3] File [C:/Users/Leehe/Documents/Unreal Projects/CAP4053/Saved/Config/Windows/Scalability.ini]
[2019.03.04-01.53.21:613][  0]LogConfig: Setting CVar [[foliage.DensityScale:1.0]]
[2019.03.04-01.53.21:613][  0]LogConfig: Setting CVar [[grass.DensityScale:1.0]]
[2019.03.04-01.53.21:613][  0]LogConfig: Applying CVar settings from Section [Startup] File [../../../Engine/Config/ConsoleVariables.ini]
[2019.03.04-01.53.21:614][  0]LogConfig: Setting CVar [[net.UseAdaptiveNetUpdateFrequency:0]]
[2019.03.04-01.53.21:614][  0]LogConfig: Applying CVar settings from Section [ConsoleVariables] File [C:/Users/Leehe/Documents/Unreal Projects/CAP4053/Saved/Config/Windows/Engine.ini]
[2019.03.04-01.53.21:614][  0]LogInit: Computer: DESKTOP-I8FA79M
[2019.03.04-01.53.21:614][  0]LogInit: User: Leehe
[2019.03.04-01.53.21:614][  0]LogInit: CPU Page size=4096, Cores=2
[2019.03.04-01.53.21:614][  0]LogInit: High frequency timer resolution =10.000000 MHz
[2019.03.04-01.53.21:614][  0]LogMemory: Memory total: Physical=7.8GB (8GB approx)
[2019.03.04-01.53.21:614][  0]LogMemory: Platform Memory Stats for Windows
[2019.03.04-01.53.21:614][  0]LogMemory: Process Physical Memory: 102.68 MB used, 102.68 MB peak
[2019.03.04-01.53.21:614][  0]LogMemory: Process Virtual Memory: 92.46 MB used, 92.46 MB peak
[2019.03.04-01.53.21:614][  0]LogMemory: Physical Memory: 5975.08 MB used,  2032.80 MB free, 8007.89 MB total
[2019.03.04-01.53.21:614][  0]LogMemory: Virtual Memory: 4634.21 MB used,  134213096.00 MB free, 134217728.00 MB total
[2019.03.04-01.53.21:634][  0]LogInit: Using OS detected language (en-US).
[2019.03.04-01.53.21:634][  0]LogInit: Using OS detected locale (en-US).
[2019.03.04-01.53.21:635][  0]LogTextLocalizationManager: No specific localization for 'en-US' exists, so the 'en' localization will be used.
[2019.03.04-01.53.22:061][  0]LogStreaming: Display: Took  0.428s to InitEngineTextLocalization.
[2019.03.04-01.53.22:061][  0]LogInit: Setting process to per monitor DPI aware
[2019.03.04-01.53.22:118][  0]LogSlate: New Slate User Created.  User Index 0, Is Virtual User: 0
[2019.03.04-01.53.22:118][  0]LogSlate: Slate User Registered.  User Index 0, Is Virtual User: 0
[2019.03.04-01.53.22:368][  0]LogHMD: Failed to initialize OpenVR with code 110
[2019.03.04-01.53.22:368][  0]LogD3D11RHI: D3D11 adapters:
[2019.03.04-01.53.22:381][  0]LogD3D11RHI:    0. 'Intel(R) HD Graphics 620' (Feature Level 11_0)
[2019.03.04-01.53.22:381][  0]LogD3D11RHI:       128/0/4003 MB DedicatedVideo/DedicatedSystem/SharedSystem, Outputs:1, VendorId:0x8086
[2019.03.04-01.53.22:383][  0]LogD3D11RHI:    1. 'Microsoft Basic Render Driver' (Feature Level 11_0)
[2019.03.04-01.53.22:383][  0]LogD3D11RHI:       0/0/4003 MB DedicatedVideo/DedicatedSystem/SharedSystem, Outputs:0, VendorId:0x1414
[2019.03.04-01.53.22:383][  0]LogD3D11RHI: Chosen D3D11 Adapter: 0
[2019.03.04-01.53.22:390][  0]LogD3D11RHI: Creating new Direct3DDevice
[2019.03.04-01.53.22:390][  0]LogD3D11RHI:     GPU DeviceId: 0x5916 (for the marketing name, search the web for "GPU Device Id")
[2019.03.04-01.53.22:390][  0]LogWindows: EnumDisplayDevices:
[2019.03.04-01.53.22:391][  0]LogWindows:    0. 'Intel(R) HD Graphics 620' (P:1 D:1)
[2019.03.04-01.53.22:391][  0]LogWindows:    1. 'Intel(R) HD Graphics 620' (P:0 D:0)
[2019.03.04-01.53.22:391][  0]LogWindows:    2. 'Intel(R) HD Graphics 620' (P:0 D:0)
[2019.03.04-01.53.22:392][  0]LogWindows: DebugString: FoundDriverCount:3 
[2019.03.04-01.53.22:392][  0]LogD3D11RHI:     Adapter Name: Intel(R) HD Graphics 620
[2019.03.04-01.53.22:392][  0]LogD3D11RHI:   Driver Version: 22.20.16.4836 (internal:22.20.16.4836, unified:22.20.16.4836)
[2019.03.04-01.53.22:392][  0]LogD3D11RHI:      Driver Date: 10-17-2017
[2019.03.04-01.53.22:392][  0]LogRHI: Texture pool is 1490 MB (70% of 2129 MB)
[2019.03.04-01.53.22:438][  0]LogD3D11RHI: [IntelMetricsDiscovery] Started
[2019.03.04-01.53.22:438][  0]LogD3D11RHI: Async texture creation enabled
[2019.03.04-01.53.22:453][  0]LogD3D11RHI: GPU Timing Frequency: 12.000000 (Debug: 2 0)
[2019.03.04-01.53.22:839][  0]LogTemp: Display: Loaded TP AllDesktopTargetPlatform
[2019.03.04-01.53.22:855][  0]LogTemp: Display: Loaded TP MacClientTargetPlatform
[2019.03.04-01.53.22:870][  0]LogTemp: Display: Loaded TP MacNoEditorTargetPlatform
[2019.03.04-01.53.22:885][  0]LogTemp: Display: Loaded TP MacServerTargetPlatform
[2019.03.04-01.53.22:901][  0]LogTemp: Display: Loaded TP MacTargetPlatform
[2019.03.04-01.53.22:922][  0]LogTemp: Display: Loaded TP WindowsClientTargetPlatform
[2019.03.04-01.53.22:940][  0]LogTemp: Display: Loaded TP WindowsNoEditorTargetPlatform
[2019.03.04-01.53.22:961][  0]LogTemp: Display: Loaded TP WindowsServerTargetPlatform
[2019.03.04-01.53.22:969][  0]LogTemp: Display: Loaded TP WindowsTargetPlatform
[2019.03.04-01.53.23:078][  0]LogTemp: Display: Loaded TP AndroidTargetPlatform
[2019.03.04-01.53.23:078][  0]LogTemp: Display: Loaded TP AndroidTargetPlatform
[2019.03.04-01.53.23:078][  0]LogTemp: Display: Loaded TP AndroidTargetPlatform
[2019.03.04-01.53.23:078][  0]LogTemp: Display: Loaded TP AndroidTargetPlatform
[2019.03.04-01.53.23:078][  0]LogTemp: Display: Loaded TP AndroidTargetPlatform
[2019.03.04-01.53.23:078][  0]LogTemp: Display: Loaded TP AndroidTargetPlatform
[2019.03.04-01.53.23:078][  0]LogTemp: Display: Loaded TP AndroidTargetPlatform
[2019.03.04-01.53.23:078][  0]LogTemp: Display: Loaded TP AndroidTargetPlatform
[2019.03.04-01.53.23:078][  0]LogTemp: Display: Loaded TP AndroidTargetPlatform
[2019.03.04-01.53.23:079][  0]LogTemp: Display: Loaded TP AndroidTargetPlatform
[2019.03.04-01.53.23:079][  0]LogTemp: Display: Loaded TP AndroidTargetPlatform
[2019.03.04-01.53.23:079][  0]LogTemp: Display: Loaded TP AndroidTargetPlatform
[2019.03.04-01.53.23:079][  0]LogTemp: Display: Loaded TP AndroidTargetPlatform
[2019.03.04-01.53.23:079][  0]LogTemp: Display: Loaded TP AndroidTargetPlatform
[2019.03.04-01.53.23:079][  0]LogTemp: Display: Loaded TP AndroidTargetPlatform
[2019.03.04-01.53.23:079][  0]LogTemp: Display: Loaded TP AndroidTargetPlatform
[2019.03.04-01.53.23:079][  0]LogTemp: Display: Loaded TP AndroidTargetPlatform
[2019.03.04-01.53.23:079][  0]LogTemp: Display: Loaded TP AndroidTargetPlatform
[2019.03.04-01.53.23:080][  0]LogTemp: Display: Loaded TP HTML5TargetPlatform
[2019.03.04-01.53.23:148][  0]LogTemp: Display: Loaded TP IOSTargetPlatform
[2019.03.04-01.53.23:148][  0]LogTemp: Display: Loaded TP IOSTargetPlatform
[2019.03.04-01.53.23:182][  0]LogTemp: Display: Loaded TP TVOSTargetPlatform
[2019.03.04-01.53.23:182][  0]LogTemp: Display: Loaded TP TVOSTargetPlatform
[2019.03.04-01.53.23:197][  0]LogTemp: Display: Loaded TP LinuxClientTargetPlatform
[2019.03.04-01.53.23:211][  0]LogTemp: Display: Loaded TP LinuxNoEditorTargetPlatform
[2019.03.04-01.53.23:225][  0]LogTemp: Display: Loaded TP LinuxServerTargetPlatform
[2019.03.04-01.53.23:240][  0]LogTemp: Display: Loaded TP LinuxTargetPlatform
[2019.03.04-01.53.23:288][  0]LogTemp: Display: Loaded TP LuminTargetPlatform
[2019.03.04-01.53.23:288][  0]LogTemp: Display: Loaded TP LuminTargetPlatform
[2019.03.04-01.53.23:288][  0]LogTargetPlatformManager: Display: Building Assets For Windows
[2019.03.04-01.53.23:351][  0]LogShaderCompilers: Guid format shader working directory is -18 characters bigger than the processId version (../../../../../../Users/Leehe/Documents/Unreal Projects/CAP4053/Intermediate/Shaders/WorkingDirectory/18108/).
[2019.03.04-01.53.23:352][  0]LogShaderCompilers: Cleaned the shader compiler working directory 'C:/Users/Leehe/AppData/Local/Temp/UnrealShaderWorkingDir/F9813CFD4B35E81121FB468C2FE7A3EE/'.
[2019.03.04-01.53.23:354][  0]LogXGEController: Cannot use XGE Controller as Incredibuild is not installed on this machine.
[2019.03.04-01.53.23:354][  0]LogShaderCompilers: Cannot use XGE Shader Compiler as Incredibuild is not installed on this machine.
[2019.03.04-01.53.23:354][  0]LogShaderCompilers: Display: Using Local Shader Compiler.
[2019.03.04-01.53.24:010][  0]LogDerivedDataCache: Display: Max Cache Size: 512 MB
[2019.03.04-01.53.24:064][  0]LogDerivedDataCache: Loaded boot cache 0.05s 71MB C:/Users/Leehe/AppData/Local/UnrealEngine/4.21/DerivedDataCache/Boot.ddc.
[2019.03.04-01.53.24:064][  0]LogDerivedDataCache: Display: Loaded Boot cache: C:/Users/Leehe/AppData/Local/UnrealEngine/4.21/DerivedDataCache/Boot.ddc
[2019.03.04-01.53.24:064][  0]LogDerivedDataCache: FDerivedDataBackendGraph:  Pak pak cache file ../../../../../../Users/Leehe/Documents/Unreal Projects/CAP4053/DerivedDataCache/DDC.ddp not found, will not use a pak cache.
[2019.03.04-01.53.24:064][  0]LogDerivedDataCache: Unable to find inner node Pak for hierarchical cache Hierarchy.
[2019.03.04-01.53.24:064][  0]LogDerivedDataCache: FDerivedDataBackendGraph:  CompressedPak pak cache file ../../../../../../Users/Leehe/Documents/Unreal Projects/CAP4053/DerivedDataCache/Compressed.ddp not found, will not use a pak cache.
[2019.03.04-01.53.24:064][  0]LogDerivedDataCache: Unable to find inner node CompressedPak for hierarchical cache Hierarchy.
[2019.03.04-01.53.24:079][  0]LogDerivedDataCache: Display: Pak cache opened for reading ../../../Engine/DerivedDataCache/Compressed.ddp.
[2019.03.04-01.53.24:079][  0]LogDerivedDataCache: FDerivedDataBackendGraph:  EnterprisePak pak cache file ../../../Enterprise/DerivedDataCache/Compressed.ddp not found, will not use a pak cache.
[2019.03.04-01.53.24:079][  0]LogDerivedDataCache: Unable to find inner node EnterprisePak for hierarchical cache Hierarchy.
[2019.03.04-01.53.24:091][  0]LogDerivedDataCache: Using Local data cache path C:/Users/Leehe/AppData/Local/UnrealEngine/Common/DerivedDataCache: Writable
[2019.03.04-01.53.24:091][  0]LogDerivedDataCache: Shared data cache path not found in *engine.ini, will not use an Shared cache.
[2019.03.04-01.53.24:091][  0]LogDerivedDataCache: Unable to find inner node Shared for hierarchical cache Hierarchy.
[2019.03.04-01.53.24:117][  0]LogMaterial: Verifying Global Shaders for PCD3D_SM5
[2019.03.04-01.53.24:119][  0]LogSlate: Using FreeType 2.6.0
[2019.03.04-01.53.24:120][  0]LogSlate: SlateFontServices - WITH_FREETYPE: 1, WITH_HARFBUZZ: 1
[2019.03.04-01.53.24:211][  0]LogAssetRegistry: FAssetRegistry took 0.0346 seconds to start up
[2019.03.04-01.53.24:580][  0]LogInit: Selected Device Profile: [Windows]
[2019.03.04-01.53.24:751][  0]LogSimplygon: Simplygon DLL not present - disabling.
[2019.03.04-01.53.24:755][  0]LogMeshReduction: Using SimplygonSwarm for distributed automatic mesh merging
[2019.03.04-01.53.24:755][  0]LogMeshReduction: Using ProxyLODMeshReduction for automatic mesh merging
[2019.03.04-01.53.24:755][  0]LogMeshReduction: Using QuadricMeshReduction for automatic static mesh reduction
[2019.03.04-01.53.24:755][  0]LogMeshReduction: No automatic skeletal mesh reduction module available
[2019.03.04-01.53.24:771][  0]LogNetVersion: TwinStickShooter 1.0.0, NetCL: 4541578, EngineNetVer: 5, GameNetVer: 0 (Checksum: 1088199152)
[2019.03.04-01.53.25:423][  0]LogPackageLocalizationCache: Processed 11 localized package path(s) for 2 prioritized culture(s) in 0.129114 seconds
[2019.03.04-01.53.25:432][  0]LogUObjectArray: 39775 objects as part of root set at end of initial load.
[2019.03.04-01.53.25:432][  0]LogUObjectAllocator: 6914656 out of 0 bytes used by permanent object pool.
[2019.03.04-01.53.25:432][  0]LogUObjectArray: CloseDisregardForGC: 0/0 objects in disregard for GC pool
[2019.03.04-01.53.26:378][  0]LogTcpMessaging: Initializing TcpMessaging bridge
[2019.03.04-01.53.26:391][  0]LogUdpMessaging: Initializing bridge on interface 0.0.0.0:0 to multicast group 230.0.0.1:6666.
[2019.03.04-01.53.27:182][  0]SourceControl: Source control is disabled
[2019.03.04-01.53.27:183][  0]SourceControl: Source control is disabled
[2019.03.04-01.53.27:184][  0]SourceControl: Source control is disabled
[2019.03.04-01.53.27:185][  0]SourceControl: Source control is disabled
[2019.03.04-01.53.27:360][  0]LogAndroidPermission: UAndroidPermissionCallbackProxy::GetInstance
[2019.03.04-01.53.27:503][  0]LogOcInput: OculusInput pre-init called
[2019.03.04-01.53.27:657][  0]LogEngine: Initializing Engine...
[2019.03.04-01.53.27:658][  0]LogHMD: Failed to initialize OpenVR with code 110
[2019.03.04-01.53.27:660][  0]LogStats: UGameplayTagsManager::ConstructGameplayTagTree: ImportINI prefixes -  0.000 s
[2019.03.04-01.53.27:660][  0]LogStats: UGameplayTagsManager::ConstructGameplayTagTree: Construct from data asset -  0.000 s
[2019.03.04-01.53.27:660][  0]LogStats: UGameplayTagsManager::ConstructGameplayTagTree: ImportINI -  0.000 s
[2019.03.04-01.53.27:660][  0]LogStats: UGameplayTagsManager::ConstructGameplayTagTree: GameplayTagTreeChangedEvent.Broadcast -  0.000 s
[2019.03.04-01.53.27:909][  0]LogInit: Initializing FReadOnlyCVARCache
[2019.03.04-01.53.27:924][  0]LogAIModule: Creating AISystem for world Untitled
[2019.03.04-01.53.27:987][  0]LogInit: XAudio2 using 'Speakers (Realtek High Definition Audio)' : 2 channels at 48 kHz using 32 bits per sample (channel mask 0x3)
[2019.03.04-01.53.28:012][  0]LogInit: FAudioDevice initialized.
[2019.03.04-01.53.28:012][  0]LogNetVersion: Set ProjectVersion to 1.0.0.0. Version Checksum will be recalculated on next use.
[2019.03.04-01.53.28:061][  0]LogDerivedDataCache: Saved boot cache 0.05s 71MB C:/Users/Leehe/AppData/Local/UnrealEngine/4.21/DerivedDataCache/Boot.ddc.
[2019.03.04-01.53.28:072][  0]LogInit: Texture streaming: Enabled
[2019.03.04-01.53.28:092][  0]LogEngineSessionManager: EngineSessionManager initialized
[2019.03.04-01.53.28:108][  0]LogInit: Transaction tracking system initialized
[2019.03.04-01.53.28:140][  0]BlueprintLog: New page: Editor Load
[2019.03.04-01.53.28:235][  0]LocalizationService: Localization service is disabled
[2019.03.04-01.53.28:803][  0]LogFileCache: Scanning file cache for directory 'C:/Users/Leehe/Documents/Unreal Projects/CAP4053/Content/' took 0.02s
[2019.03.04-01.53.28:803][  0]LogCook: Display: Max memory allowance for cook 16384mb min free memory 0mb
[2019.03.04-01.53.28:803][  0]LogCook: Display: Mobile HDR setting 1
[2019.03.04-01.53.28:803][  0]LogGameplayTags: Display: UGameplayTagsManager::DoneAddingNativeTags. DelegateIsBound: 0
[2019.03.04-01.53.28:803][  0]LogStats: UGameplayTagsManager::ConstructGameplayTagTree: ImportINI prefixes -  0.000 s
[2019.03.04-01.53.28:803][  0]LogStats: UGameplayTagsManager::ConstructGameplayTagTree: Construct from data asset -  0.000 s
[2019.03.04-01.53.28:803][  0]LogStats: UGameplayTagsManager::ConstructGameplayTagTree: ImportINI -  0.000 s
[2019.03.04-01.53.28:803][  0]LogStats: UGameplayTagsManager::ConstructGameplayTagTree: GameplayTagTreeChangedEvent.Broadcast -  0.000 s
[2019.03.04-01.53.28:958][  0]SourceControl: Source control is disabled
[2019.03.04-01.53.28:958][  0]Cmd: MAP LOAD FILE="../../../../../../Users/Leehe/Documents/Unreal Projects/CAP4053/Content/Maps/SqaureMap.umap" TEMPLATE=0 SHOWPROGRESS=1 FEATURELEVEL=3
[2019.03.04-01.53.28:959][  0]LogEditorServer: Warning: Can't find file '../../../../../../Users/Leehe/Documents/Unreal Projects/CAP4053/Content/Maps/SqaureMap.umap'
[2019.03.04-01.53.28:959][  0]Cmd: MAP CHECKDEP NOCLEARLOG
[2019.03.04-01.53.28:959][  0]MapCheck: Map check complete: 0 Error(s), 0 Warning(s), took 0.145ms to complete.
[2019.03.04-01.53.28:959][  0]LogFileHelpers: Loading map 'SqaureMap' took 0.001
[2019.03.04-01.53.29:135][  0]LogSlate: Updating window title bar state: overlay mode, drag disabled, window buttons hidden, title bar hidden
[2019.03.04-01.53.29:148][  0]LogSlate: Updating window title bar state: overlay mode, drag disabled, window buttons hidden, title bar hidden
[2019.03.04-01.53.29:157][  0]LogSlate: Updating window title bar state: overlay mode, drag disabled, window buttons hidden, title bar hidden
[2019.03.04-01.53.29:167][  0]LogSlate: Updating window title bar state: overlay mode, drag disabled, window buttons hidden, title bar hidden
[2019.03.04-01.53.29:189][  0]LogCollectionManager: Loaded 0 collections in 0.002956 seconds
[2019.03.04-01.53.29:224][  0]LogFileCache: Scanning file cache for directory 'C:/Users/Leehe/Documents/Unreal Projects/CAP4053/Saved/Collections/' took 0.01s
[2019.03.04-01.53.29:224][  0]LogFileCache: Scanning file cache for directory 'C:/Users/Leehe/Documents/Unreal Projects/CAP4053/Content/Developers/Leehe/Collections/' took 0.00s
[2019.03.04-01.53.29:224][  0]LogFileCache: Scanning file cache for directory 'C:/Users/Leehe/Documents/Unreal Projects/CAP4053/Content/Collections/' took 0.00s
[2019.03.04-01.53.29:224][  0]LogCollectionManager: Rebuilt the GUID cache for 0 collections in 0.000001 seconds
[2019.03.04-01.53.29:238][  0]LogContentBrowser: Native class hierarchy populated in 0.0129 seconds. Added 2652 classes and 622 folders.
[2019.03.04-01.53.29:259][  0]LogContentBrowser: Native class hierarchy updated for 'WidgetCarousel' in 0.0006 seconds. Added 0 classes and 0 folders.
[2019.03.04-01.53.29:276][  0]LogPakFile: Registered encryption key '00000000000000000000000000000000': 0 pak files mounted, 0 remain pending
[2019.03.04-01.53.29:290][  0]LogPakFile: Registered encryption key '00000000000000000000000000000000': 0 pak files mounted, 0 remain pending
[2019.03.04-01.53.29:319][  0]LogPakFile: Registered encryption key '00000000000000000000000000000000': 0 pak files mounted, 0 remain pending
[2019.03.04-01.53.29:327][  0]LogPakFile: Registered encryption key '00000000000000000000000000000000': 0 pak files mounted, 0 remain pending
[2019.03.04-01.53.29:334][  0]LogPakFile: Registered encryption key '00000000000000000000000000000000': 0 pak files mounted, 0 remain pending
[2019.03.04-01.53.29:342][  0]LogPakFile: Registered encryption key '00000000000000000000000000000000': 0 pak files mounted, 0 remain pending
[2019.03.04-01.53.29:348][  0]LogPakFile: Registered encryption key '00000000000000000000000000000000': 0 pak files mounted, 0 remain pending
[2019.03.04-01.53.29:356][  0]LogPakFile: Registered encryption key '00000000000000000000000000000000': 0 pak files mounted, 0 remain pending
[2019.03.04-01.53.29:364][  0]LogPakFile: Registered encryption key '00000000000000000000000000000000': 0 pak files mounted, 0 remain pending
[2019.03.04-01.53.29:373][  0]LogPakFile: Registered encryption key '00000000000000000000000000000000': 0 pak files mounted, 0 remain pending
[2019.03.04-01.53.29:379][  0]LogPakFile: Registered encryption key '00000000000000000000000000000000': 0 pak files mounted, 0 remain pending
[2019.03.04-01.53.29:386][  0]LogPakFile: Registered encryption key '00000000000000000000000000000000': 0 pak files mounted, 0 remain pending
[2019.03.04-01.53.29:395][  0]LogPakFile: Registered encryption key '00000000000000000000000000000000': 0 pak files mounted, 0 remain pending
[2019.03.04-01.53.29:402][  0]LogPakFile: Registered encryption key '00000000000000000000000000000000': 0 pak files mounted, 0 remain pending
[2019.03.04-01.53.29:409][  0]LogPakFile: Registered encryption key '00000000000000000000000000000000': 0 pak files mounted, 0 remain pending
[2019.03.04-01.53.29:415][  0]LogPakFile: Registered encryption key '00000000000000000000000000000000': 0 pak files mounted, 0 remain pending
[2019.03.04-01.53.29:455][  0]LogPakFile: Registered encryption key '00000000000000000000000000000000': 0 pak files mounted, 0 remain pending
[2019.03.04-01.53.29:462][  0]LogPakFile: Registered encryption key '00000000000000000000000000000000': 0 pak files mounted, 0 remain pending
[2019.03.04-01.53.29:470][  0]LogPakFile: Registered encryption key '00000000000000000000000000000000': 0 pak files mounted, 0 remain pending
[2019.03.04-01.53.29:477][  0]LogPakFile: Registered encryption key '00000000000000000000000000000000': 0 pak files mounted, 0 remain pending
[2019.03.04-01.53.29:527][  0]LogPakFile: Registered encryption key '00000000000000000000000000000000': 0 pak files mounted, 0 remain pending
[2019.03.04-01.53.29:534][  0]LogPakFile: Registered encryption key '00000000000000000000000000000000': 0 pak files mounted, 0 remain pending
[2019.03.04-01.53.29:542][  0]LogPakFile: Registered encryption key '00000000000000000000000000000000': 0 pak files mounted, 0 remain pending
[2019.03.04-01.53.29:551][  0]LogPakFile: Registered encryption key '00000000000000000000000000000000': 0 pak files mounted, 0 remain pending
[2019.03.04-01.53.29:558][  0]LogPakFile: Registered encryption key '00000000000000000000000000000000': 0 pak files mounted, 0 remain pending
[2019.03.04-01.53.29:566][  0]LogPakFile: Registered encryption key '00000000000000000000000000000000': 0 pak files mounted, 0 remain pending
[2019.03.04-01.53.29:764][  0]LogContentBrowser: Native class hierarchy updated for 'AddContentDialog' in 0.0004 seconds. Added 0 classes and 0 folders.
[2019.03.04-01.53.29:780][  0]LogContentBrowser: Native class hierarchy updated for 'SceneOutliner' in 0.0005 seconds. Added 1 classes and 2 folders.
[2019.03.04-01.53.29:989][  0]LogSlate: Took 0.000200 seconds to synchronously load lazily loaded font '../../../Engine/Content/Slate/Fonts/Roboto-Regular.ttf' (155K)
[2019.03.04-01.53.29:992][  0]LogSlate: Took 0.000209 seconds to synchronously load lazily loaded font '../../../Engine/Content/Slate/Fonts/Roboto-Bold.ttf' (160K)
[2019.03.04-01.53.30:011][  0]LogSlate: Took 0.006126 seconds to synchronously load lazily loaded font '../../../Engine/Content/Editor/Slate/Fonts/FontAwesome.ttf' (139K)
[2019.03.04-01.53.30:127][  0]LogRenderer: Reallocating scene render targets to support 796x344 Format 10 NumSamples 1 (Frame:1).
[2019.03.04-01.53.30:536][  0]LogContentBrowser: Native class hierarchy updated for 'HierarchicalLODOutliner' in 0.0004 seconds. Added 0 classes and 0 folders.
[2019.03.04-01.53.30:536][  0]LogLoad: (Engine Initialization) Total time: 10.90 seconds
[2019.03.04-01.53.30:536][  0]LogLoad: (Engine Initialization) Total Blueprint compile time: 0.00 seconds
[2019.03.04-01.53.30:582][  0]LogAssetRegistry: Asset discovery search completed in 6.3939 seconds
[2019.03.04-01.53.30:587][  0]LogCollectionManager: Rebuilt the object cache for 0 collections in 0.000000 seconds (found 0 objects)
[2019.03.04-01.53.30:587][  0]LogCollectionManager: Fixed up redirectors for 0 collections in 0.000075 seconds (updated 0 objects)
[2019.03.04-01.53.30:591][  0]LogContentStreaming: Texture pool size now 1000 MB
[2019.03.04-01.53.30:628][  0]LogSlate: Took 0.006382 seconds to synchronously load lazily loaded font '../../../Engine/Content/Slate/Fonts/Roboto-Light.ttf' (167K)
[2019.03.04-01.53.31:599][ 42]LogSlate: Took 0.000250 seconds to synchronously load lazily loaded font '../../../Engine/Content/Slate/Fonts/Roboto-Light.ttf' (167K)
[2019.03.04-01.53.33:421][163]LogSlate: FSceneViewport::OnFocusLost() reason 2
[2019.03.04-01.53.39:749][766]LogUProjectInfo: Found projects:
[2019.03.04-01.53.39:753][766]LogSlate: FSceneViewport::OnFocusLost() reason 2
[2019.03.04-01.53.45:376][841]LogSlate: Window 'Convert Project' being destroyed
[2019.03.04-01.53.45:448][841]LogSlate: FSceneViewport::OnFocusLost() reason 2
[2019.03.04-01.53.57:992][841]LogSlate: FSceneViewport::OnFocusLost() reason 2
[2019.03.04-01.53.57:995][841]Running C:/Program Files/Epic Games/UE_4.21/Engine/Binaries/DotNET/UnrealBuildTool.exe  -projectfiles -project="C:/Users/Leehe/Documents/Unreal Projects/Project-Dugong 4.21/ProjectDugong.uproject" -game -rocket -progress
[2019.03.04-01.53.58:813][841]Discovering modules, targets and source code for project...
[2019.03.04-01.54.03:041][841]Binding IntelliSense data...
[2019.03.04-01.54.05:362][841]Binding IntelliSense data... 100%
[2019.03.04-01.54.05:362][841]Writing project files...
[2019.03.04-01.54.08:081][841]Writing project files... 100%
[2019.03.04-01.54.08:200][841]Running C:/Program Files/Epic Games/UE_4.21/Engine/Binaries/DotNET/UnrealBuildTool.exe Development Win64 -Project="C:/Users/Leehe/Documents/Unreal Projects/Project-Dugong 4.21/ProjectDugong.uproject" -TargetType=Editor -Progress -NoHotReloadFromIDE
[2019.03.04-01.54.08:213][841]LogSlate: FSceneViewport::OnFocusLost() reason 2
[2019.03.04-01.54.09:229][841]Performing full C++ include scan (building a new target)
[2019.03.04-01.54.09:229][841]Using 'git status' to determine working set for adaptive non-unity build (C:\Users\Leehe\Documents\Unreal Projects\Project-Dugong 4.21).
[2019.03.04-01.54.09:229][841]Creating makefile for ProjectDugongEditor (no existing makefile)
[2019.03.04-01.54.09:330][841]Using Visual Studio 2017 14.15.26726 toolchain (C:\Program Files (x86)\Microsoft Visual Studio\2017\Community\VC\Tools\MSVC\14.15.26726) and Windows 10.0.17134.0 SDK (C:\Program Files (x86)\Windows Kits\10).
[2019.03.04-01.55.03:971][841]@progress push 5%
[2019.03.04-01.55.04:075][841]Parsing headers for ProjectDugongEditor
[2019.03.04-01.55.04:175][841]  Running UnrealHeaderTool "C:\Users\Leehe\Documents\Unreal Projects\Project-Dugong 4.21\ProjectDugong.uproject" "C:\Users\Leehe\Documents\Unreal Projects\Project-Dugong 4.21\Intermediate\Build\Win64\ProjectDugongEditor\Development\ProjectDugongEditor.uhtmanifest" -LogCmds="loginit warning, logexit warning, logdatabase error" -Unattended -WarningsAsErrors -installed
[2019.03.04-01.55.22:605][841]Reflection code generated for ProjectDugongEditor in 18.4764449 seconds
[2019.03.04-01.55.23:310][841]@progress pop
[2019.03.04-01.55.30:056][841]Building 36 actions with 4 processes...
[2019.03.04-01.55.30:056][841]  @progress 'Compiling C++ source code...' 0%
[2019.03.04-01.55.30:559][841]  @progress 'Compiling C++ source code...' 3%
[2019.03.04-01.55.30:559][841]  [1/36] PCLaunch.rc
[2019.03.04-01.55.57:633][841]  @progress 'Compiling C++ source code...' 6%
[2019.03.04-01.55.57:633][841]  [2/36] SharedPCH.UnrealEd.cpp
[2019.03.04-01.55.57:633][841]  c:\program files\epic games\ue_4.21\engine\source\runtime\core\public\Windows/WindowsPlatformCompilerSetup.h(22): error C2338: Visual Studio 2017 versions 15.7 and 15.8 are known to have code generation bugs that affect UE4. Please update to version 15.9.
[2019.03.04-01.55.57:633][841]ERROR: UBT ERROR: Failed to produce item: C:\Users\Leehe\Documents\Unreal Projects\Project-Dugong 4.21\Binaries\Win64\UE4Editor-ProjectDugong.dll
[2019.03.04-01.55.57:633][841]       (see ../Programs/UnrealBuildTool/Log.txt for full exception trace)
[2019.03.04-01.55.57:734][841]Total build time: 109.10 seconds (Parallel executor: 0.00 seconds)
[2019.03.04-01.56.03:732][841]LogSlate: Window 'Compile Failed' being destroyed
[2019.03.04-01.56.03:748][842]LogUnrealEdMisc: Warning: Heartbeat event firing too frequently (0.000 sec). This should never happen. Something is wrong with the timer delegate!
[2019.03.04-01.56.04:840][866]LogSlate: FSceneViewport::OnFocusLost() reason 0
[2019.03.04-01.56.07:762][ 23]LogSlate: Window 'Open Project' being destroyed
[2019.03.04-01.56.08:984][ 99]LogSlate: FSceneViewport::OnFocusLost() reason 0
[2019.03.04-01.56.10:356][194]LogSlate: FSceneViewport::OnFocusLost() reason 2
[2019.03.04-01.56.16:914][797]LogSlate: FSceneViewport::OnFocusLost() reason 2
[2019.03.04-01.56.20:187][985]LogSlate: Window 'Open Level' being destroyed
[2019.03.04-01.56.22:003][119]LogSlate: FSceneViewport::OnFocusLost() reason 0
[2019.03.04-01.56.22:124][127]LogRenderer: Reallocating scene render targets to support 796x360 Format 10 NumSamples 1 (Frame:875).
[2019.03.04-01.56.30:695][339]LogUnrealEdMisc: Warning: Heartbeat event firing too frequently (26.946 sec). This should never happen. Something is wrong with the timer delegate!
[2019.03.04-01.57.28:575][612]LogSlate: FSceneViewport::OnFocusLost() reason 0
[2019.03.04-01.57.45:197][833]LogAssetEditorManager: Opening Asset editor for World /Game/Maps/MainMenu.MainMenu
[2019.03.04-01.57.47:098][833]LogSlate: Window 'Save Content' being destroyed
[2019.03.04-01.57.47:112][833]Cmd: OBJ SAVEPACKAGE PACKAGE="/Game/Maps/MainMenu" FILE="../../../../../../Users/Leehe/Documents/Unreal Projects/CAP4053/Content/Maps/MainMenu.umap" SILENT=true AUTOSAVING=false KEEPDIRTY=false
[2019.03.04-01.57.47:174][833]LogSavePackage: Moving '../../../../../../Users/Leehe/Documents/Unreal Projects/CAP4053/Saved/MainMenuA20D533941D96D59AB3CFDA46A632260.tmp' to '../../../../../../Users/Leehe/Documents/Unreal Projects/CAP4053/Content/Maps/MainMenu.umap'
[2019.03.04-01.57.47:183][833]LogFileHelpers: Saving map 'MainMenu' took 0.072
[2019.03.04-01.57.47:186][833]Cmd: MAP LOAD FILE="../../../../../../Users/Leehe/Documents/Unreal Projects/CAP4053/Content/Maps/MainMenu.umap" TEMPLATE=0 SHOWPROGRESS=1 FEATURELEVEL=3
[2019.03.04-01.57.47:186][833]LightingResults: New page: Lighting Build
[2019.03.04-01.57.47:191][833]LogContentBrowser: Native class hierarchy updated for 'StatsViewer' in 0.0006 seconds. Added 5 classes and 0 folders.
[2019.03.04-01.57.47:192][833]LoadErrors: New page: Loading map: MainMenu.umap
[2019.03.04-01.57.47:192][833]MapCheck: New page: Map Check
[2019.03.04-01.57.47:192][833]LightingResults: New page: Lighting Build
[2019.03.04-01.57.47:284][833]LogEditorServer: Finished looking for orphan Actors (0.000 secs)
[2019.03.04-01.57.47:284][833]LogAIModule: Creating AISystem for world MainMenu
[2019.03.04-01.57.47:364][833]Cmd: MAP CHECKDEP NOCLEARLOG
[2019.03.04-01.57.47:365][833]MapCheck: Map check complete: 0 Error(s), 0 Warning(s), took 0.167ms to complete.
[2019.03.04-01.57.47:366][833]LogFileHelpers: Loading map 'MainMenu' took 0.181
[2019.03.04-01.58.56:466][771]LogSlate: Window 'Pick Parent Class' being destroyed
[2019.03.04-01.59.20:002][683]LogAssetEditorManager: Opening Asset editor for WidgetBlueprint /Game/Blueprints/UI/MainMenu.MainMenu
[2019.03.04-01.59.20:957][683]LogContentBrowser: Native class hierarchy updated for 'BlueprintGraph' in 0.0010 seconds. Added 117 classes and 0 folders.
[2019.03.04-01.59.22:155][683]LogSlate: Took 0.005984 seconds to synchronously load lazily loaded font '../../../Engine/Content/Slate/Fonts/Roboto-BoldCondensed.ttf' (158K)
[2019.03.04-01.59.42:345][405]Cmd: OBJ SAVEPACKAGE PACKAGE="/Game/Maps/MainMenu" FILE="../../../../../../Users/Leehe/Documents/Unreal Projects/CAP4053/Content/Maps/MainMenu.umap" SILENT=true AUTOSAVING=false KEEPDIRTY=false
[2019.03.04-01.59.42:640][405]LogSavePackage: Moving '../../../../../../Users/Leehe/Documents/Unreal Projects/CAP4053/Saved/MainMenu0E37CA2A4044E9342C2E41A9F9C0B50B.tmp' to '../../../../../../Users/Leehe/Documents/Unreal Projects/CAP4053/Content/Maps/MainMenu.umap'
[2019.03.04-01.59.51:240][977]Cmd: OBJ SAVEPACKAGE PACKAGE="/Game/Blueprints/UI/MainMenu" FILE="../../../../../../Users/Leehe/Documents/Unreal Projects/CAP4053/Content/Blueprints/UI/MainMenu.uasset" SILENT=true
[2019.03.04-01.59.51:263][977]LogSavePackage: Moving '../../../../../../Users/Leehe/Documents/Unreal Projects/CAP4053/Saved/MainMenuDDE501794D4F2E94F3DF808FA99C24C3.tmp' to '../../../../../../Users/Leehe/Documents/Unreal Projects/CAP4053/Content/Blueprints/UI/MainMenu.uasset'
[2019.03.04-02.00.15:554][312]LogSlate: Window 'MainMenu' being destroyed
[2019.03.04-02.02.26:020][191]LogSlate: Took 0.012331 seconds to synchronously load lazily loaded font '../../../Engine/Content/Slate/Fonts/DroidSansFallback.ttf' (3848K)
[2019.03.04-02.03.53:135][355]LogEditorTransaction: Undo Resize Widget
[2019.03.04-02.03.55:409][595]LogEditorTransaction: Redo Resize Widget
[2019.03.04-02.05.55:938][312]LogEditorTransaction: Undo Edit Size
[2019.03.04-02.05.57:180][436]LogEditorTransaction: Redo Edit Size
[2019.03.04-02.08.22:345][779]LogUObjectHash: Warning: Ambiguous search, could be VerticalBox /Game/Blueprints/UI/MainMenu.MainMenu:WidgetTree.VerticalBox_0 or VerticalBox /Engine/Transient.World_1:MainMenu_C_6.WidgetTree_0.VerticalBox_0
[2019.03.04-02.08.22:345][779]LogUObjectHash: Warning: Ambiguous search, could be VerticalBox /Game/Blueprints/UI/MainMenu.MainMenu:WidgetTree.VerticalBox_0 or VerticalBox /Engine/Transient.World_1:MainMenu_C_7.WidgetTree_0.VerticalBox_0
[2019.03.04-02.08.22:345][779]LogUObjectHash: Warning: Ambiguous search, could be VerticalBox /Game/Blueprints/UI/MainMenu.MainMenu:WidgetTree.VerticalBox_0 or VerticalBox /Engine/Transient.World_1:MainMenu_C_8.WidgetTree_0.VerticalBox_0
[2019.03.04-02.08.22:345][779]LogUObjectHash: Warning: Ambiguous search, could be VerticalBox /Game/Blueprints/UI/MainMenu.MainMenu:WidgetTree.VerticalBox_0 or VerticalBox /Engine/Transient.World_1:MainMenu_C_9.WidgetTree_0.VerticalBox_0
[2019.03.04-02.08.22:345][779]LogUObjectHash: Warning: Ambiguous search, could be VerticalBox /Game/Blueprints/UI/MainMenu.MainMenu:WidgetTree.VerticalBox_0 or VerticalBox /Engine/Transient.World_1:MainMenu_C_10.WidgetTree_0.VerticalBox_0
[2019.03.04-02.08.22:345][779]LogUObjectHash: Warning: Ambiguous search, could be VerticalBox /Game/Blueprints/UI/MainMenu.MainMenu:WidgetTree.VerticalBox_0 or VerticalBox /Engine/Transient.World_1:MainMenu_C_11.WidgetTree_0.VerticalBox_0
[2019.03.04-02.08.22:345][779]LogUObjectHash: Warning: Ambiguous search, could be VerticalBox /Game/Blueprints/UI/MainMenu.MainMenu:WidgetTree.VerticalBox_0 or VerticalBox /Engine/Transient.World_1:MainMenu_C_12.WidgetTree_0.VerticalBox_0
[2019.03.04-02.08.22:345][779]LogUObjectHash: Warning: Ambiguous search, could be VerticalBox /Game/Blueprints/UI/MainMenu.MainMenu:WidgetTree.VerticalBox_0 or VerticalBox /Engine/Transient.World_1:MainMenu_C_13.WidgetTree_0.VerticalBox_0
[2019.03.04-02.08.22:345][779]LogProperty: Warning: Illegal TEXT reference to a private object in external package (VerticalBoxSlot /Game/Blueprints/UI/MainMenu.MainMenu:WidgetTree.VerticalBox_0.VerticalBoxSlot_0) from referencer (Button /Engine/UMG/Editor/Transient.Button_0).  Import failed...
[2019.03.04-02.08.22:345][779]LogProperty: Warning: ObjectProperty /Script/UMG.Widget:Slot: unresolved reference to 'VerticalBoxSlot'"VerticalBox_0.VerticalBoxSlot_0"''
[2019.03.04-02.08.22:806][801]LogUObjectHash: Warning: Ambiguous search, could be VerticalBox /Game/Blueprints/UI/MainMenu.MainMenu:WidgetTree.VerticalBox_0 or VerticalBox /Engine/Transient.World_1:MainMenu_C_6.WidgetTree_0.VerticalBox_0
[2019.03.04-02.08.22:806][801]LogUObjectHash: Warning: Ambiguous search, could be VerticalBox /Game/Blueprints/UI/MainMenu.MainMenu:WidgetTree.VerticalBox_0 or VerticalBox /Engine/Transient.World_1:MainMenu_C_7.WidgetTree_0.VerticalBox_0
[2019.03.04-02.08.22:806][801]LogUObjectHash: Warning: Ambiguous search, could be VerticalBox /Game/Blueprints/UI/MainMenu.MainMenu:WidgetTree.VerticalBox_0 or VerticalBox /Engine/Transient.World_1:MainMenu_C_8.WidgetTree_0.VerticalBox_0
[2019.03.04-02.08.22:806][801]LogUObjectHash: Warning: Ambiguous search, could be VerticalBox /Game/Blueprints/UI/MainMenu.MainMenu:WidgetTree.VerticalBox_0 or VerticalBox /Engine/Transient.World_1:MainMenu_C_9.WidgetTree_0.VerticalBox_0
[2019.03.04-02.08.22:806][801]LogUObjectHash: Warning: Ambiguous search, could be VerticalBox /Game/Blueprints/UI/MainMenu.MainMenu:WidgetTree.VerticalBox_0 or VerticalBox /Engine/Transient.World_1:MainMenu_C_10.WidgetTree_0.VerticalBox_0
[2019.03.04-02.08.22:806][801]LogUObjectHash: Warning: Ambiguous search, could be VerticalBox /Game/Blueprints/UI/MainMenu.MainMenu:WidgetTree.VerticalBox_0 or VerticalBox /Engine/Transient.World_1:MainMenu_C_11.WidgetTree_0.VerticalBox_0
[2019.03.04-02.08.22:807][801]LogUObjectHash: Warning: Ambiguous search, could be VerticalBox /Game/Blueprints/UI/MainMenu.MainMenu:WidgetTree.VerticalBox_0 or VerticalBox /Engine/Transient.World_1:MainMenu_C_12.WidgetTree_0.VerticalBox_0
[2019.03.04-02.08.22:807][801]LogUObjectHash: Warning: Ambiguous search, could be VerticalBox /Game/Blueprints/UI/MainMenu.MainMenu:WidgetTree.VerticalBox_0 or VerticalBox /Engine/Transient.World_1:MainMenu_C_13.WidgetTree_0.VerticalBox_0
[2019.03.04-02.08.22:807][801]LogUObjectHash: Warning: Ambiguous search, could be VerticalBox /Game/Blueprints/UI/MainMenu.MainMenu:WidgetTree.VerticalBox_0 or VerticalBox /Engine/Transient.World_1:MainMenu_C_14.WidgetTree_0.VerticalBox_0
[2019.03.04-02.08.22:807][801]LogProperty: Warning: Illegal TEXT reference to a private object in external package (VerticalBoxSlot /Game/Blueprints/UI/MainMenu.MainMenu:WidgetTree.VerticalBox_0.VerticalBoxSlot_0) from referencer (Button /Engine/UMG/Editor/Transient.Button_0).  Import failed...
[2019.03.04-02.08.22:807][801]LogProperty: Warning: ObjectProperty /Script/UMG.Widget:Slot: unresolved reference to 'VerticalBoxSlot'"VerticalBox_0.VerticalBoxSlot_0"''
[2019.03.04-02.08.25:964][988]LogUObjectHash: Warning: Ambiguous search, could be VerticalBox /Game/Blueprints/UI/MainMenu.MainMenu:WidgetTree.VerticalBox_0 or VerticalBox /Engine/Transient.World_1:MainMenu_C_6.WidgetTree_0.VerticalBox_0
[2019.03.04-02.08.25:964][988]LogUObjectHash: Warning: Ambiguous search, could be VerticalBox /Game/Blueprints/UI/MainMenu.MainMenu:WidgetTree.VerticalBox_0 or VerticalBox /Engine/Transient.World_1:MainMenu_C_7.WidgetTree_0.VerticalBox_0
[2019.03.04-02.08.25:964][988]LogUObjectHash: Warning: Ambiguous search, could be VerticalBox /Game/Blueprints/UI/MainMenu.MainMenu:WidgetTree.VerticalBox_0 or VerticalBox /Engine/Transient.World_1:MainMenu_C_8.WidgetTree_0.VerticalBox_0
[2019.03.04-02.08.25:964][988]LogUObjectHash: Warning: Ambiguous search, could be VerticalBox /Game/Blueprints/UI/MainMenu.MainMenu:WidgetTree.VerticalBox_0 or VerticalBox /Engine/Transient.World_1:MainMenu_C_9.WidgetTree_0.VerticalBox_0
[2019.03.04-02.08.25:964][988]LogUObjectHash: Warning: Ambiguous search, could be VerticalBox /Game/Blueprints/UI/MainMenu.MainMenu:WidgetTree.VerticalBox_0 or VerticalBox /Engine/Transient.World_1:MainMenu_C_10.WidgetTree_0.VerticalBox_0
[2019.03.04-02.08.25:964][988]LogUObjectHash: Warning: Ambiguous search, could be VerticalBox /Game/Blueprints/UI/MainMenu.MainMenu:WidgetTree.VerticalBox_0 or VerticalBox /Engine/Transient.World_1:MainMenu_C_11.WidgetTree_0.VerticalBox_0
[2019.03.04-02.08.25:964][988]LogUObjectHash: Warning: Ambiguous search, could be VerticalBox /Game/Blueprints/UI/MainMenu.MainMenu:WidgetTree.VerticalBox_0 or VerticalBox /Engine/Transient.World_1:MainMenu_C_12.WidgetTree_0.VerticalBox_0
[2019.03.04-02.08.25:964][988]LogUObjectHash: Warning: Ambiguous search, could be VerticalBox /Game/Blueprints/UI/MainMenu.MainMenu:WidgetTree.VerticalBox_0 or VerticalBox /Engine/Transient.World_1:MainMenu_C_13.WidgetTree_0.VerticalBox_0
[2019.03.04-02.08.25:964][988]LogUObjectHash: Warning: Ambiguous search, could be VerticalBox /Game/Blueprints/UI/MainMenu.MainMenu:WidgetTree.VerticalBox_0 or VerticalBox /Engine/Transient.World_1:MainMenu_C_14.WidgetTree_0.VerticalBox_0
[2019.03.04-02.08.25:964][988]LogProperty: Warning: Illegal TEXT reference to a private object in external package (VerticalBoxSlot /Game/Blueprints/UI/MainMenu.MainMenu:WidgetTree.VerticalBox_0.VerticalBoxSlot_0) from referencer (Button /Engine/UMG/Editor/Transient.Button_0).  Import failed...
[2019.03.04-02.08.25:964][988]LogProperty: Warning: ObjectProperty /Script/UMG.Widget:Slot: unresolved reference to 'VerticalBoxSlot'"VerticalBox_0.VerticalBoxSlot_0"''
